<?xml version="1.0" encoding="UTF-8"?>
<!-- Generated by org.testng.reporters.JUnitReportReporter -->
<testsuite skipped="0" hostname="Saikiran-PC" name="Actions.selenium.day4" tests="3" failures="0" timestamp="2020-04-10T01:27:59 CST" time="0.046" errors="0">
  <testcase name="WebloginCarLone" time="0.000" classname="Actions.selenium.day4"/>
  <system-out/>
  <testcase name="ApiCarloan" time="0.031" classname="Actions.selenium.day4"/>
  <system-out/>
  <testcase name="MobileLoginCarLon" time="0.015" classname="Actions.selenium.day4"/>
  <system-out/>
</testsuite> <!-- Actions.selenium.day4 -->
